2024-02-19 20:21:04 [INFO] - --------------------Backup execution - 20240219_202104 --------------------
2024-02-19 21:44:17 [INFO] - --------------------Backup execution - 20240219_214417 --------------------
2024-02-19 21:44:17 [INFO] - Starting backup process.....
2024-02-19 21:44:18 [ERROR] - Backup failed. Check the logs for details.
2024-02-19 21:44:18 [INFO] - --------------------Backup execution is ended -------------------
2024-02-19 21:45:53 [INFO] - --------------------Backup execution - 20240219_214553 --------------------
2024-02-19 21:45:53 [INFO] - Starting backup process.....
2024-02-19 21:45:55 [INFO] - Backup completed successfully.
2024-02-19 21:45:55 [INFO] - --------------------Backup execution is ended -------------------
2024-02-19 21:48:36 [INFO] - --------------------Backup execution - 20240219_214836 --------------------
2024-02-19 21:48:36 [INFO] - Starting backup process.....
2024-02-19 21:48:38 [INFO] - Backup completed successfully.
2024-02-19 21:48:38 [INFO] - --------------------Backup execution is ended -------------------
2024-02-19 22:10:19 [INFO] - --------------------Backup execution - 20240219_221019 --------------------
2024-02-19 22:10:19 [INFO] - Starting backup process.....
2024-02-19 22:10:22 [INFO] - Backup completed successfully.
2024-02-19 22:10:22 [INFO] - --------------------Backup execution is ended -------------------
2024-02-19 22:18:33 [INFO] - --------------------Backup execution - 20240219_221833 --------------------
2024-02-19 22:18:33 [INFO] - Starting backup process.....
2024-02-19 22:18:33 [INFO] - Backup completed successfully.
2024-02-19 22:18:33 [INFO] - --------------------Backup execution is ended -------------------
